[2024-02-09 20:17:53 +0000] [3022030] [INFO] Starting gunicorn 20.0.4
[2024-02-09 20:17:53 +0000] [3022030] [INFO] Listening at: http://0.0.0.0:3000 (3022030)
[2024-02-09 20:17:53 +0000] [3022030] [INFO] Using worker: sync
[2024-02-09 20:17:53 +0000] [3022032] [INFO] Booting worker with pid: 3022032
[2024-02-09 20:17:53 +0000] [3022032] [ERROR] Exception in worker process
Traceback (most recent call last):
  File "/usr/lib/python3/dist-packages/gunicorn/arbiter.py", line 583, in spawn_worker
    worker.init_process()
  File "/usr/lib/python3/dist-packages/gunicorn/workers/base.py", line 119, in init_process
    self.load_wsgi()
  File "/usr/lib/python3/dist-packages/gunicorn/workers/base.py", line 144, in load_wsgi
    self.wsgi = self.app.wsgi()
  File "/usr/lib/python3/dist-packages/gunicorn/app/base.py", line 67, in wsgi
    self.callable = self.load()
  File "/usr/lib/python3/dist-packages/gunicorn/app/wsgiapp.py", line 49, in load
    return self.load_wsgiapp()
  File "/usr/lib/python3/dist-packages/gunicorn/app/wsgiapp.py", line 39, in load_wsgiapp
    return util.import_app(self.app_uri)
  File "/usr/lib/python3/dist-packages/gunicorn/util.py", line 383, in import_app
    mod = importlib.import_module(module)
  File "/usr/lib/python3.8/importlib/__init__.py", line 127, in import_module
    return _bootstrap._gcd_import(name[level:], package, level)
  File "<frozen importlib._bootstrap>", line 1014, in _gcd_import
  File "<frozen importlib._bootstrap>", line 991, in _find_and_load
  File "<frozen importlib._bootstrap>", line 973, in _find_and_load_unlocked
ModuleNotFoundError: No module named 'app'
[2024-02-09 20:17:53 +0000] [3022032] [INFO] Worker exiting (pid: 3022032)
[2024-02-09 20:17:54 +0000] [3022030] [INFO] Shutting down: Master
[2024-02-09 20:17:54 +0000] [3022030] [INFO] Reason: Worker failed to boot.
[2024-02-09 20:18:15 +0000] [3022034] [INFO] Starting gunicorn 20.0.4
[2024-02-09 20:18:15 +0000] [3022034] [INFO] Listening at: http://0.0.0.0:3000 (3022034)
[2024-02-09 20:18:15 +0000] [3022034] [INFO] Using worker: sync
[2024-02-09 20:18:15 +0000] [3022036] [INFO] Booting worker with pid: 3022036
[2024-02-09 20:20:22 +0000] [3022034] [INFO] Handling signal: int
[2024-02-09 20:20:22 +0000] [3022036] [INFO] Worker exiting (pid: 3022036)
[2024-02-09 20:20:22 +0000] [3022034] [INFO] Shutting down: Master
